# JRE version: OpenJDK Runtime Environment (8.0_442-b06) (build 1.8.0_442-b06)
# Java VM: OpenJDK 64-Bit Server VM (25.442-b06 mixed mode windows-amd64 compressed oops)
Heap:
 PSYoungGen      total 40448K, used 27489K [0x000000076d800000, 0x0000000770c00000, 0x00000007c0000000)
  eden space 29184K, 81% used [0x000000076d800000,0x000000076ef50510,0x000000076f480000)
  from space 11264K, 32% used [0x0000000770000000,0x0000000770388000,0x0000000770b00000)
  to   space 11776K, 0% used [0x000000076f480000,0x000000076f480000,0x0000000770000000)
 ParOldGen       total 169472K, used 86449K [0x00000006c8800000, 0x00000006d2d80000, 0x000000076d800000)
  object space 169472K, 51% used [0x00000006c8800000,0x00000006cdc6c5a8,0x00000006d2d80000)
 Metaspace       used 14476K, capacity 14726K, committed 15104K, reserved 1062912K
  class space    used 1642K, capacity 1727K, committed 1792K, reserved 1048576K
GC Heap History (10 events):
Event: 76954.246 GC heap before
{Heap before GC invocations=126 (full 0):
 PSYoungGen      total 39936K, used 39616K [0x000000076d800000, 0x0000000770800000, 0x00000007c0000000)
  eden space 30720K, 100% used [0x000000076d800000,0x000000076f600000,0x000000076f600000)
  from space 9216K, 96% used [0x000000076f600000,0x000000076feb0000,0x000000076ff00000)
  to   space 9216K, 0% used [0x000000076ff00000,0x000000076ff00000,0x0000000770800000)
 ParOldGen       total 169472K, used 85585K [0x00000006c8800000, 0x00000006d2d80000, 0x000000076d800000)
  object space 169472K, 50% used [0x00000006c8800000,0x00000006cdb945a8,0x00000006d2d80000)
 Metaspace       used 14394K, capacity 14662K, committed 14848K, reserved 1062912K
  class space    used 1628K, capacity 1727K, committed 1792K, reserved 1048576K
Event: 76954.254 GC heap after
Heap after GC invocations=126 (full 0):
 PSYoungGen      total 39424K, used 5824K [0x000000076d800000, 0x0000000770900000, 0x00000007c0000000)
  eden space 30208K, 0% used [0x000000076d800000,0x000000076d800000,0x000000076f580000)
  from space 9216K, 63% used [0x000000076ff00000,0x00000007704b0000,0x0000000770800000)
  to   space 9728K, 0% used [0x000000076f580000,0x000000076f580000,0x000000076ff00000)
 ParOldGen       total 169472K, used 85881K [0x00000006c8800000, 0x00000006d2d80000, 0x000000076d800000)
  object space 169472K, 50% used [0x00000006c8800000,0x00000006cdbde5a8,0x00000006d2d80000)
 Metaspace       used 14394K, capacity 14662K, committed 14848K, reserved 1062912K
  class space    used 1628K, capacity 1727K, committed 1792K, reserved 1048576K
}
Event: 76971.767 GC heap before
{Heap before GC invocations=127 (full 0):
 PSYoungGen      total 39424K, used 36032K [0x000000076d800000, 0x0000000770900000, 0x00000007c0000000)
  eden space 30208K, 100% used [0x000000076d800000,0x000000076f580000,0x000000076f580000)
  from space 9216K, 63% used [0x000000076ff00000,0x00000007704b0000,0x0000000770800000)
  to   space 9728K, 0% used [0x000000076f580000,0x000000076f580000,0x000000076ff00000)
 ParOldGen       total 169472K, used 85881K [0x00000006c8800000, 0x00000006d2d80000, 0x000000076d800000)
  object space 169472K, 50% used [0x00000006c8800000,0x00000006cdbde5a8,0x00000006d2d80000)
 Metaspace       used 14437K, capacity 14662K, committed 14848K, reserved 1062912K
  class space    used 1639K, capacity 1727K, committed 1792K, reserved 1048576K
Event: 76971.774 GC heap after
Heap after GC invocations=127 (full 0):
 PSYoungGen      total 39936K, used 3840K [0x000000076d800000, 0x0000000770a80000, 0x00000007c0000000)
  eden space 30208K, 0% used [0x000000076d800000,0x000000076d800000,0x000000076f580000)
  from space 9728K, 39% used [0x000000076f580000,0x000000076f940000,0x000000076ff00000)
  to   space 10752K, 0% used [0x0000000770000000,0x0000000770000000,0x0000000770a80000)
 ParOldGen       total 169472K, used 86097K [0x00000006c8800000, 0x00000006d2d80000, 0x000000076d800000)
  object space 169472K, 50% used [0x00000006c8800000,0x00000006cdc145a8,0x00000006d2d80000)
 Metaspace       used 14437K, capacity 14662K, committed 14848K, reserved 1062912K
  class space    used 1639K, capacity 1727K, committed 1792K, reserved 1048576K
}
Event: 76988.768 GC heap before
{Heap before GC invocations=128 (full 0):
 PSYoungGen      total 39936K, used 34048K [0x000000076d800000, 0x0000000770a80000, 0x00000007c0000000)
  eden space 30208K, 100% used [0x000000076d800000,0x000000076f580000,0x000000076f580000)
  from space 9728K, 39% used [0x000000076f580000,0x000000076f940000,0x000000076ff00000)
  to   space 10752K, 0% used [0x0000000770000000,0x0000000770000000,0x0000000770a80000)
 ParOldGen       total 169472K, used 86097K [0x00000006c8800000, 0x00000006d2d80000, 0x000000076d800000)
  object space 169472K, 50% used [0x00000006c8800000,0x00000006cdc145a8,0x00000006d2d80000)
 Metaspace       used 14437K, capacity 14662K, committed 14848K, reserved 1062912K
  class space    used 1639K, capacity 1727K, committed 1792K, reserved 1048576K
Event: 76988.775 GC heap after
Heap after GC invocations=128 (full 0):
 PSYoungGen      total 40448K, used 3776K [0x000000076d800000, 0x0000000770b80000, 0x00000007c0000000)
  eden space 29696K, 0% used [0x000000076d800000,0x000000076d800000,0x000000076f500000)
  from space 10752K, 35% used [0x0000000770000000,0x00000007703b0000,0x0000000770a80000)
  to   space 11264K, 0% used [0x000000076f500000,0x000000076f500000,0x0000000770000000)
 ParOldGen       total 169472K, used 86217K [0x00000006c8800000, 0x00000006d2d80000, 0x000000076d800000)
  object space 169472K, 50% used [0x00000006c8800000,0x00000006cdc325a8,0x00000006d2d80000)
 Metaspace       used 14437K, capacity 14662K, committed 14848K, reserved 1062912K
  class space    used 1639K, capacity 1727K, committed 1792K, reserved 1048576K
}
Event: 77005.286 GC heap before
{Heap before GC invocations=129 (full 0):
 PSYoungGen      total 40448K, used 33472K [0x000000076d800000, 0x0000000770b80000, 0x00000007c0000000)
  eden space 29696K, 100% used [0x000000076d800000,0x000000076f500000,0x000000076f500000)
  from space 10752K, 35% used [0x0000000770000000,0x00000007703b0000,0x0000000770a80000)
  to   space 11264K, 0% used [0x000000076f500000,0x000000076f500000,0x0000000770000000)
 ParOldGen       total 169472K, used 86217K [0x00000006c8800000, 0x00000006d2d80000, 0x000000076d800000)
  object space 169472K, 50% used [0x00000006c8800000,0x00000006cdc325a8,0x00000006d2d80000)
 Metaspace       used 14437K, capacity 14662K, committed 14848K, reserved 1062912K
  class space    used 1639K, capacity 1727K, committed 1792K, reserved 1048576K
Event: 77005.294 GC heap after
Heap after GC invocations=129 (full 0):
 PSYoungGen      total 40960K, used 3616K [0x000000076d800000, 0x0000000770b00000, 0x00000007c0000000)
  eden space 29696K, 0% used [0x000000076d800000,0x000000076d800000,0x000000076f500000)
  from space 11264K, 32% used [0x000000076f500000,0x000000076f888000,0x0000000770000000)
  to   space 11264K, 0% used [0x0000000770000000,0x0000000770000000,0x0000000770b00000)
 ParOldGen       total 169472K, used 86337K [0x00000006c8800000, 0x00000006d2d80000, 0x000000076d800000)
  object space 169472K, 50% used [0x00000006c8800000,0x00000006cdc505a8,0x00000006d2d80000)
 Metaspace       used 14437K, capacity 14662K, committed 14848K, reserved 1062912K
  class space    used 1639K, capacity 1727K, committed 1792K, reserved 1048576K
}
Event: 77021.733 GC heap before
{Heap before GC invocations=130 (full 0):
 PSYoungGen      total 40960K, used 33312K [0x000000076d800000, 0x0000000770b00000, 0x00000007c0000000)
  eden space 29696K, 100% used [0x000000076d800000,0x000000076f500000,0x000000076f500000)
  from space 11264K, 32% used [0x000000076f500000,0x000000076f888000,0x0000000770000000)
  to   space 11264K, 0% used [0x0000000770000000,0x0000000770000000,0x0000000770b00000)
 ParOldGen       total 169472K, used 86337K [0x00000006c8800000, 0x00000006d2d80000, 0x000000076d800000)
  object space 169472K, 50% used [0x00000006c8800000,0x00000006cdc505a8,0x00000006d2d80000)
 Metaspace       used 14437K, capacity 14662K, committed 14848K, reserved 1062912K
  class space    used 1639K, capacity 1727K, committed 1792K, reserved 1048576K
Event: 77021.739 GC heap after
Heap after GC invocations=130 (full 0):
 PSYoungGen      total 40448K, used 3616K [0x000000076d800000, 0x0000000770c00000, 0x00000007c0000000)
  eden space 29184K, 0% used [0x000000076d800000,0x000000076d800000,0x000000076f480000)
  from space 11264K, 32% used [0x0000000770000000,0x0000000770388000,0x0000000770b00000)
  to   space 11776K, 0% used [0x000000076f480000,0x000000076f480000,0x0000000770000000)
 ParOldGen       total 169472K, used 86449K [0x00000006c8800000, 0x00000006d2d80000, 0x000000076d800000)
  object space 169472K, 51% used [0x00000006c8800000,0x00000006cdc6c5a8,0x00000006d2d80000)
 Metaspace       used 14437K, capacity 14662K, committed 14848K, reserved 1062912K
  class space    used 1639K, capacity 1727K, committed 1792K, reserved 1048576K
}

